빌드 시작: 2013-01-04 오전 5:15:47
     1>2 노드의 "C:\FeatherX\OpenLibrary\Tinyxml\Tinyxml.vcxproj" 프로젝트(build 대상)입니다.
     1>InitializeBuildStatus:
         "AlwaysCreate"이(가) 지정되었기 때문에 "Debug\Tinyxml.unsuccessfulbuild"을(를) 만들고 있습니다.
       ClCompile:
         C:\Program Files (x86)\Microsoft Visual Studio 10.0\VC\bin\CL.exe /c /ZI /nologo /W3 /WX- /Od /Oy- /D WIN32 /D _DEBUG /D _LIB /D _UNICODE /D UNICODE /Gm /EHsc /MTd /GS /fp:precise /Zc:wchar_t /Zc:forScope /Yc"tinyxmlDef.h" /Fp"Debug\Tinyxml.pch" /Fo"Debug\\" /Fd"Debug\vc100.pdb" /Gd /TP /analyze- /errorReport:prompt tinyxmlDef.cpp
         tinyxmlDef.cpp
         C:\Program Files (x86)\Microsoft Visual Studio 10.0\VC\bin\CL.exe /c /ZI /nologo /W3 /WX- /Od /Oy- /D WIN32 /D _DEBUG /D _LIB /D _UNICODE /D UNICODE /Gm /EHsc /MTd /GS /fp:precise /Zc:wchar_t /Zc:forScope /Yu"tinyxmlDef.h" /Fp"Debug\Tinyxml.pch" /Fo"Debug\\" /Fd"Debug\vc100.pdb" /Gd /TP /analyze- /errorReport:prompt tinystr.cpp tinyxml.cpp tinyxmlerror.cpp tinyxmlparser.cpp
         tinyxmlparser.cpp
         tinyxmlerror.cpp
         tinyxml.cpp
         tinystr.cpp
         코드를 생성하고 있습니다...
     1>C:\Program Files (x86)\MSBuild\Microsoft.Cpp\v4.0\Microsoft.CppBuild.targets(1151,5): warning MSB8012: TargetPath(C:\FeatherX\UIEditor\Debug\Tinyxml.lib)이(가) Library의 OutputFile 속성 값(C:\work\Project\Trunk\OpenLibrary\Tinyxml\lib\x86\TinyxmlD_2010.lib)과 일치하지 않습니다. 이로 인해 프로젝트가 잘못 빌드될 수 있습니다. 이를 수정하려면 $(OutDir), $(TargetName) 및 $(TargetExt) 속성 값이 %(Lib.OutputFile)에 지정된 값과 일치해야 합니다.
     1>C:\Program Files (x86)\MSBuild\Microsoft.Cpp\v4.0\Microsoft.CppBuild.targets(1153,5): warning MSB8012: TargetName(Tinyxml)이(가) Library의 OutputFile 속성 값(TinyxmlD_2010)과 일치하지 않습니다. 이로 인해 프로젝트가 잘못 빌드될 수 있습니다. 이를 수정하려면 $(OutDir), $(TargetName) 및 $(TargetExt) 속성 값이 %(Lib.OutputFile)에 지정된 값과 일치해야 합니다.
       Lib:
         C:\Program Files (x86)\Microsoft Visual Studio 10.0\VC\bin\Lib.exe /OUT:"C:\work\Project\Trunk\OpenLibrary\Tinyxml\lib\x86\TinyxmlD_2010.lib" /NOLOGO Debug\tinystr.obj
         Debug\tinyxml.obj
         Debug\tinyxmlDef.obj
         Debug\tinyxmlerror.obj
         Debug\tinyxmlparser.obj
         Tinyxml.vcxproj -> C:\FeatherX\UIEditor\Debug\Tinyxml.lib
       FinalizeBuildStatus:
         "Debug\Tinyxml.unsuccessfulbuild" 파일을 삭제하고 있습니다.
         "Debug\Tinyxml.lastbuildstate"에 연결(touching)하고 있습니다.
     1>"C:\FeatherX\OpenLibrary\Tinyxml\Tinyxml.vcxproj" 프로젝트를 빌드했습니다(build 대상).

빌드했습니다.

경과 시간: 00:00:01.02
